<?xml version="1.0" encoding="UTF-8"?>
<!-- Generated by org.testng.reporters.JUnitReportReporter -->
<testsuite hostname="Veerendra-PC" name="com.Tm_TestCases.TestCases_Leave" tests="2" failures="0" timestamp="16 May 2019 02:42:48 GMT" time="31.501" errors="0">
  <testcase name="TC102_ApplyLeave" time="18.587" classname="com.Tm_TestCases.TestCases_Leave"/>
  <testcase name="TC101_verifyLoginFunctionality" time="12.914" classname="com.Tm_TestCases.TestCases_Leave"/>
</testsuite> <!-- com.Tm_TestCases.TestCases_Leave -->
