<?xml version="1.0" encoding="UTF-8"?>
<!-- Generated by org.testng.reporters.JUnitReportReporter -->
<testsuite hostname="t" name="com.Tm_TestCases.OrangeHRM_TestCases" tests="2" failures="0" timestamp="6 Oct 2018 05:04:45 GMT" time="344.060" errors="0">
  <testcase name="Tc102_ApplyLeave" time="44.477" classname="com.Tm_TestCases.OrangeHRM_TestCases"/>
  <testcase name="TC101_verifyLoginFunctionality" time="299.583" classname="com.Tm_TestCases.OrangeHRM_TestCases"/>
</testsuite> <!-- com.Tm_TestCases.OrangeHRM_TestCases -->
