<?xml version="1.0" encoding="UTF-8"?>
<!-- Generated by org.testng.reporters.JUnitReportReporter -->
<testsuite hostname="LAPTOP-RT9H3TJK" name="com.tm.TestCases.TestCases_Myinfo" tests="1" failures="0" timestamp="1 Feb 2020 03:14:06 GMT" time="51.894" errors="0">
  <testcase name="Tc104_AddProfile" time="51.894" classname="com.tm.TestCases.TestCases_Myinfo"/>
</testsuite> <!-- com.tm.TestCases.TestCases_Myinfo -->
