<?xml version="1.0" encoding="UTF-8"?>
<!-- Generated by org.testng.reporters.JUnitReportReporter -->
<testsuite hostname="Veerendra-PC" name="com.Tm_TestCases.TestCases_Myinfo" tests="1" failures="0" timestamp="16 May 2019 03:16:07 GMT" time="20.240" errors="0">
  <testcase name="TC203_AddMembership" time="20.240" classname="com.Tm_TestCases.TestCases_Myinfo"/>
</testsuite> <!-- com.Tm_TestCases.TestCases_Myinfo -->
